{
"contracts/Presale.sol":{"l":{"78":5,"79":3,"80":1,"87":1,"88":1,"95":6,"96":6,"97":4,"98":4,"105":1,"106":1,"120":1,"121":1,"123":1,"124":1,"125":1,"133":1,"141":7,"143":7,"144":6,"146":1,"149":7,"150":7,"153":7,"154":1,"155":1,"156":1,"157":1,"165":7,"172":10,"179":2,"186":8,"193":7,"197":1,"198":1,"199":1,"201":1,"210":4,"212":4,"213":4,"214":4,"215":4,"217":4,"218":4,"220":4,"221":4,"223":4,"224":4,"225":4,"226":4,"227":4,"228":4,"230":4,"231":4,"233":4,"240":1,"242":1,"249":1,"256":1,"257":3,"258":3,"259":3,"267":1,"268":1,"269":1,"270":1,"278":4,"279":2,"281":2,"296":2,"297":2,"298":2,"299":2,"300":2,"302":2,"303":2,"304":2,"305":2,"306":2,"308":2,"309":2,"312":2,"323":1,"331":1},"path":"/mnt/d/Projects/itchiro-presale/contracts/Presale.sol","s":{"1":5,"2":3,"3":1,"4":6,"5":6,"6":4,"7":1,"8":1,"9":1,"10":1,"11":1,"12":1,"13":1,"14":7,"15":7,"16":6,"17":1,"18":7,"19":7,"20":7,"21":1,"22":1,"23":1,"24":1,"25":7,"26":10,"27":2,"28":8,"29":7,"30":1,"31":1,"32":1,"33":1,"34":4,"35":4,"36":4,"37":4,"38":4,"39":4,"40":4,"41":4,"42":4,"43":4,"44":4,"45":4,"46":4,"47":4,"48":4,"49":4,"50":4,"51":4,"52":1,"53":1,"54":1,"55":1,"56":3,"57":3,"58":3,"59":1,"60":1,"61":1,"62":1,"63":4,"64":2,"65":2,"66":2,"67":2,"68":2,"69":2,"70":2,"71":2,"72":2,"73":2,"74":2,"75":2,"76":2,"77":2,"78":2,"79":1},"b":{"1":[3,2],"2":[1,2],"3":[1,0],"4":[6,0],"5":[4,2],"6":[4,0],"7":[1,0],"8":[1,0],"9":[1,0],"10":[6,1],"11":[1,6],"12":[4,0],"13":[4,0],"14":[4,0],"15":[4,0],"16":[4,0],"17":[4,0],"18":[2,2],"19":[2,0],"20":[2,0],"21":[2,0],"22":[2,0],"23":[2,0],"24":[2,0]},"f":{"1":5,"2":1,"3":6,"4":1,"5":1,"6":7,"7":7,"8":10,"9":2,"10":8,"11":7,"12":1,"13":4,"14":1,"15":1,"16":1,"17":1,"18":4,"19":2,"20":1},"fnMap":{"1":{"name":"whenRefundable","line":77,"loc":{"start":{"line":77,"column":2},"end":{"line":81,"column":2}}},"2":{"name":"whenNotRefundable","line":86,"loc":{"start":{"line":86,"column":2},"end":{"line":89,"column":2}}},"3":{"name":"whenRunning","line":94,"loc":{"start":{"line":94,"column":2},"end":{"line":99,"column":2}}},"4":{"name":"afterEnded","line":104,"loc":{"start":{"line":104,"column":2},"end":{"line":107,"column":2}}},"5":{"name":"constructor","line":109,"loc":{"start":{"line":109,"column":2},"end":{"line":134,"column":2}}},"6":{"name":"calculateInvestment","line":139,"loc":{"start":{"line":139,"column":2},"end":{"line":159,"column":2}}},"7":{"name":"isInvestor","line":164,"loc":{"start":{"line":164,"column":2},"end":{"line":166,"column":2}}},"8":{"name":"investedAmount","line":171,"loc":{"start":{"line":171,"column":2},"end":{"line":173,"column":2}}},"9":{"name":"tokensReceived","line":178,"loc":{"start":{"line":178,"column":2},"end":{"line":180,"column":2}}},"10":{"name":"availableInvestment","line":185,"loc":{"start":{"line":185,"column":2},"end":{"line":187,"column":2}}},"11":{"name":"availableRefund","line":192,"loc":{"start":{"line":192,"column":2},"end":{"line":194,"column":2}}},"12":{"name":"claimRefund","line":196,"loc":{"start":{"line":196,"column":2},"end":{"line":202,"column":2}}},"13":{"name":"invest","line":209,"loc":{"start":{"line":209,"column":2},"end":{"line":234,"column":2}}},"14":{"name":"claimUnsoldTokens","line":239,"loc":{"start":{"line":239,"column":2},"end":{"line":243,"column":2}}},"15":{"name":"claimUnclaimedRefunds","line":248,"loc":{"start":{"line":248,"column":2},"end":{"line":250,"column":2}}},"16":{"name":"whitelistInvestors","line":255,"loc":{"start":{"line":255,"column":2},"end":{"line":261,"column":2}}},"17":{"name":"unwhitelistInvestors","line":266,"loc":{"start":{"line":266,"column":2},"end":{"line":272,"column":2}}},"18":{"name":"updatePaused","line":277,"loc":{"start":{"line":277,"column":2},"end":{"line":283,"column":2}}},"19":{"name":"updateDetails","line":295,"loc":{"start":{"line":288,"column":2},"end":{"line":313,"column":2}}},"20":{"name":null,"line":322,"loc":{"start":{"line":322,"column":2},"end":{"line":324,"column":2}}}},"statementMap":{"1":{"start":{"line":78,"column":4},"end":{"line":78,"column":77}},"2":{"start":{"line":79,"column":4},"end":{"line":79,"column":50}},"3":{"start":{"line":87,"column":4},"end":{"line":87,"column":70}},"4":{"start":{"line":95,"column":4},"end":{"line":95,"column":69}},"5":{"start":{"line":96,"column":4},"end":{"line":96,"column":61}},"6":{"start":{"line":97,"column":4},"end":{"line":97,"column":50}},"7":{"start":{"line":105,"column":4},"end":{"line":105,"column":68}},"8":{"start":{"line":120,"column":4},"end":{"line":120,"column":72}},"9":{"start":{"line":121,"column":4},"end":{"line":121,"column":59}},"10":{"start":{"line":123,"column":4},"end":{"line":123,"column":23}},"11":{"start":{"line":124,"column":4},"end":{"line":124,"column":25}},"12":{"start":{"line":125,"column":4},"end":{"line":125,"column":4052}},"13":{"start":{"line":133,"column":4},"end":{"line":133,"column":28}},"14":{"start":{"line":141,"column":4},"end":{"line":141,"column":60}},"15":{"start":{"line":143,"column":4},"end":{"line":143,"column":4478}},"16":{"start":{"line":144,"column":6},"end":{"line":144,"column":20}},"17":{"start":{"line":146,"column":6},"end":{"line":146,"column":49}},"18":{"start":{"line":149,"column":4},"end":{"line":149,"column":38}},"19":{"start":{"line":150,"column":4},"end":{"line":150,"column":60}},"20":{"start":{"line":153,"column":4},"end":{"line":153,"column":4775}},"21":{"start":{"line":154,"column":6},"end":{"line":154,"column":49}},"22":{"start":{"line":155,"column":6},"end":{"line":155,"column":26}},"23":{"start":{"line":156,"column":6},"end":{"line":156,"column":63}},"24":{"start":{"line":157,"column":6},"end":{"line":157,"column":40}},"25":{"start":{"line":165,"column":4},"end":{"line":165,"column":38}},"26":{"start":{"line":172,"column":4},"end":{"line":172,"column":32}},"27":{"start":{"line":179,"column":4},"end":{"line":179,"column":35}},"28":{"start":{"line":186,"column":4},"end":{"line":186,"column":54}},"29":{"start":{"line":193,"column":4},"end":{"line":193,"column":28}},"30":{"start":{"line":197,"column":4},"end":{"line":197,"column":48}},"31":{"start":{"line":198,"column":4},"end":{"line":198,"column":24}},"32":{"start":{"line":199,"column":4},"end":{"line":199,"column":33}},"33":{"start":{"line":201,"column":4},"end":{"line":201,"column":40}},"34":{"start":{"line":210,"column":4},"end":{"line":210,"column":35}},"35":{"start":{"line":212,"column":4},"end":{"line":212,"column":63}},"36":{"start":{"line":213,"column":4},"end":{"line":213,"column":76}},"37":{"start":{"line":214,"column":4},"end":{"line":214,"column":60}},"38":{"start":{"line":215,"column":4},"end":{"line":215,"column":45}},"39":{"start":{"line":217,"column":4},"end":{"line":217,"column":101}},"40":{"start":{"line":218,"column":4},"end":{"line":218,"column":64}},"41":{"start":{"line":220,"column":4},"end":{"line":220,"column":98}},"42":{"start":{"line":221,"column":4},"end":{"line":221,"column":56}},"43":{"start":{"line":223,"column":4},"end":{"line":223,"column":25}},"44":{"start":{"line":224,"column":4},"end":{"line":224,"column":25}},"45":{"start":{"line":225,"column":4},"end":{"line":225,"column":29}},"46":{"start":{"line":226,"column":4},"end":{"line":226,"column":38}},"47":{"start":{"line":227,"column":4},"end":{"line":227,"column":43}},"48":{"start":{"line":228,"column":4},"end":{"line":228,"column":35}},"49":{"start":{"line":230,"column":4},"end":{"line":230,"column":39}},"50":{"start":{"line":231,"column":4},"end":{"line":231,"column":32}},"51":{"start":{"line":233,"column":4},"end":{"line":233,"column":73}},"52":{"start":{"line":240,"column":4},"end":{"line":240,"column":13}},"53":{"start":{"line":242,"column":4},"end":{"line":242,"column":57}},"54":{"start":{"line":249,"column":4},"end":{"line":249,"column":41}},"55":{"start":{"line":256,"column":4},"end":{"line":256,"column":8032}},"56":{"start":{"line":257,"column":6},"end":{"line":257,"column":38}},"57":{"start":{"line":258,"column":6},"end":{"line":258,"column":31}},"58":{"start":{"line":259,"column":6},"end":{"line":259,"column":46}},"59":{"start":{"line":267,"column":4},"end":{"line":267,"column":8350}},"60":{"start":{"line":268,"column":6},"end":{"line":268,"column":38}},"61":{"start":{"line":269,"column":6},"end":{"line":269,"column":32}},"62":{"start":{"line":270,"column":6},"end":{"line":270,"column":48}},"63":{"start":{"line":278,"column":4},"end":{"line":278,"column":8643}},"64":{"start":{"line":279,"column":6},"end":{"line":279,"column":13}},"65":{"start":{"line":281,"column":6},"end":{"line":281,"column":15}},"66":{"start":{"line":296,"column":4},"end":{"line":296,"column":86}},"67":{"start":{"line":297,"column":4},"end":{"line":297,"column":84}},"68":{"start":{"line":298,"column":4},"end":{"line":298,"column":91}},"69":{"start":{"line":299,"column":4},"end":{"line":299,"column":52}},"70":{"start":{"line":300,"column":4},"end":{"line":300,"column":58}},"71":{"start":{"line":302,"column":4},"end":{"line":302,"column":27}},"72":{"start":{"line":303,"column":4},"end":{"line":303,"column":23}},"73":{"start":{"line":304,"column":4},"end":{"line":304,"column":35}},"74":{"start":{"line":305,"column":4},"end":{"line":305,"column":15}},"75":{"start":{"line":306,"column":4},"end":{"line":306,"column":33}},"76":{"start":{"line":308,"column":4},"end":{"line":308,"column":9487}},"77":{"start":{"line":309,"column":6},"end":{"line":309,"column":21}},"78":{"start":{"line":312,"column":4},"end":{"line":312,"column":37}},"79":{"start":{"line":323,"column":4},"end":{"line":323,"column":23}}},"branchMap":{"1":{"line":78,"type":"if","locations":[{"start":{"line":78,"column":4},"end":{"line":78,"column":4}},{"start":{"line":78,"column":4},"end":{"line":78,"column":4}}]},"2":{"line":79,"type":"if","locations":[{"start":{"line":79,"column":4},"end":{"line":79,"column":4}},{"start":{"line":79,"column":4},"end":{"line":79,"column":4}}]},"3":{"line":87,"type":"if","locations":[{"start":{"line":87,"column":4},"end":{"line":87,"column":4}},{"start":{"line":87,"column":4},"end":{"line":87,"column":4}}]},"4":{"line":95,"type":"if","locations":[{"start":{"line":95,"column":4},"end":{"line":95,"column":4}},{"start":{"line":95,"column":4},"end":{"line":95,"column":4}}]},"5":{"line":96,"type":"if","locations":[{"start":{"line":96,"column":4},"end":{"line":96,"column":4}},{"start":{"line":96,"column":4},"end":{"line":96,"column":4}}]},"6":{"line":97,"type":"if","locations":[{"start":{"line":97,"column":4},"end":{"line":97,"column":4}},{"start":{"line":97,"column":4},"end":{"line":97,"column":4}}]},"7":{"line":105,"type":"if","locations":[{"start":{"line":105,"column":4},"end":{"line":105,"column":4}},{"start":{"line":105,"column":4},"end":{"line":105,"column":4}}]},"8":{"line":120,"type":"if","locations":[{"start":{"line":120,"column":4},"end":{"line":120,"column":4}},{"start":{"line":120,"column":4},"end":{"line":120,"column":4}}]},"9":{"line":121,"type":"if","locations":[{"start":{"line":121,"column":4},"end":{"line":121,"column":4}},{"start":{"line":121,"column":4},"end":{"line":121,"column":4}}]},"10":{"line":143,"type":"if","locations":[{"start":{"line":143,"column":4},"end":{"line":143,"column":4}},{"start":{"line":143,"column":4},"end":{"line":143,"column":4}}]},"11":{"line":153,"type":"if","locations":[{"start":{"line":153,"column":4},"end":{"line":153,"column":4}},{"start":{"line":153,"column":4},"end":{"line":153,"column":4}}]},"12":{"line":212,"type":"if","locations":[{"start":{"line":212,"column":4},"end":{"line":212,"column":4}},{"start":{"line":212,"column":4},"end":{"line":212,"column":4}}]},"13":{"line":213,"type":"if","locations":[{"start":{"line":213,"column":4},"end":{"line":213,"column":4}},{"start":{"line":213,"column":4},"end":{"line":213,"column":4}}]},"14":{"line":214,"type":"if","locations":[{"start":{"line":214,"column":4},"end":{"line":214,"column":4}},{"start":{"line":214,"column":4},"end":{"line":214,"column":4}}]},"15":{"line":215,"type":"if","locations":[{"start":{"line":215,"column":4},"end":{"line":215,"column":4}},{"start":{"line":215,"column":4},"end":{"line":215,"column":4}}]},"16":{"line":220,"type":"if","locations":[{"start":{"line":220,"column":4},"end":{"line":220,"column":4}},{"start":{"line":220,"column":4},"end":{"line":220,"column":4}}]},"17":{"line":221,"type":"if","locations":[{"start":{"line":221,"column":4},"end":{"line":221,"column":4}},{"start":{"line":221,"column":4},"end":{"line":221,"column":4}}]},"18":{"line":278,"type":"if","locations":[{"start":{"line":278,"column":4},"end":{"line":278,"column":4}},{"start":{"line":278,"column":4},"end":{"line":278,"column":4}}]},"19":{"line":296,"type":"if","locations":[{"start":{"line":296,"column":4},"end":{"line":296,"column":4}},{"start":{"line":296,"column":4},"end":{"line":296,"column":4}}]},"20":{"line":297,"type":"if","locations":[{"start":{"line":297,"column":4},"end":{"line":297,"column":4}},{"start":{"line":297,"column":4},"end":{"line":297,"column":4}}]},"21":{"line":298,"type":"if","locations":[{"start":{"line":298,"column":4},"end":{"line":298,"column":4}},{"start":{"line":298,"column":4},"end":{"line":298,"column":4}}]},"22":{"line":299,"type":"if","locations":[{"start":{"line":299,"column":4},"end":{"line":299,"column":4}},{"start":{"line":299,"column":4},"end":{"line":299,"column":4}}]},"23":{"line":300,"type":"if","locations":[{"start":{"line":300,"column":4},"end":{"line":300,"column":4}},{"start":{"line":300,"column":4},"end":{"line":300,"column":4}}]},"24":{"line":308,"type":"if","locations":[{"start":{"line":308,"column":4},"end":{"line":308,"column":4}},{"start":{"line":308,"column":4},"end":{"line":308,"column":4}}]}}}}
