TN:
SF:/mnt/d/Projects/itchiro-presale/contracts/Presale.sol
FN:77,whenRefundable
FN:86,whenNotRefundable
FN:94,whenRunning
FN:104,afterEnded
FN:109,constructor
FN:139,calculateInvestment
FN:164,isInvestor
FN:171,investedAmount
FN:178,tokensReceived
FN:185,availableInvestment
FN:192,availableRefund
FN:196,claimRefund
FN:209,invest
FN:239,claimUnsoldTokens
FN:248,claimUnclaimedRefunds
FN:255,whitelistInvestors
FN:266,unwhitelistInvestors
FN:277,updatePaused
FN:295,updateDetails
FN:322,
FNF:20
FNH:20
FNDA:5,whenRefundable
FNDA:1,whenNotRefundable
FNDA:6,whenRunning
FNDA:1,afterEnded
FNDA:1,constructor
FNDA:7,calculateInvestment
FNDA:7,isInvestor
FNDA:10,investedAmount
FNDA:2,tokensReceived
FNDA:8,availableInvestment
FNDA:7,availableRefund
FNDA:1,claimRefund
FNDA:4,invest
FNDA:1,claimUnsoldTokens
FNDA:1,claimUnclaimedRefunds
FNDA:1,whitelistInvestors
FNDA:1,unwhitelistInvestors
FNDA:4,updatePaused
FNDA:2,updateDetails
FNDA:1,
DA:78,5
DA:79,3
DA:80,1
DA:87,1
DA:88,1
DA:95,6
DA:96,6
DA:97,4
DA:98,4
DA:105,1
DA:106,1
DA:120,1
DA:121,1
DA:123,1
DA:124,1
DA:125,1
DA:133,1
DA:141,7
DA:143,7
DA:144,6
DA:146,1
DA:149,7
DA:150,7
DA:153,7
DA:154,1
DA:155,1
DA:156,1
DA:157,1
DA:165,7
DA:172,10
DA:179,2
DA:186,8
DA:193,7
DA:197,1
DA:198,1
DA:199,1
DA:201,1
DA:210,4
DA:212,4
DA:213,4
DA:214,4
DA:215,4
DA:217,4
DA:218,4
DA:220,4
DA:221,4
DA:223,4
DA:224,4
DA:225,4
DA:226,4
DA:227,4
DA:228,4
DA:230,4
DA:231,4
DA:233,4
DA:240,1
DA:242,1
DA:249,1
DA:256,1
DA:257,3
DA:258,3
DA:259,3
DA:267,1
DA:268,1
DA:269,1
DA:270,1
DA:278,4
DA:279,2
DA:281,2
DA:296,2
DA:297,2
DA:298,2
DA:299,2
DA:300,2
DA:302,2
DA:303,2
DA:304,2
DA:305,2
DA:306,2
DA:308,2
DA:309,2
DA:312,2
DA:323,1
DA:331,1
LF:84
LH:84
BRDA:78,1,0,3
BRDA:78,1,1,2
BRDA:79,2,0,1
BRDA:79,2,1,2
BRDA:87,3,0,1
BRDA:87,3,1,0
BRDA:95,4,0,6
BRDA:95,4,1,0
BRDA:96,5,0,4
BRDA:96,5,1,2
BRDA:97,6,0,4
BRDA:97,6,1,0
BRDA:105,7,0,1
BRDA:105,7,1,0
BRDA:120,8,0,1
BRDA:120,8,1,0
BRDA:121,9,0,1
BRDA:121,9,1,0
BRDA:143,10,0,6
BRDA:143,10,1,1
BRDA:153,11,0,1
BRDA:153,11,1,6
BRDA:212,12,0,4
BRDA:212,12,1,0
BRDA:213,13,0,4
BRDA:213,13,1,0
BRDA:214,14,0,4
BRDA:214,14,1,0
BRDA:215,15,0,4
BRDA:215,15,1,0
BRDA:220,16,0,4
BRDA:220,16,1,0
BRDA:221,17,0,4
BRDA:221,17,1,0
BRDA:278,18,0,2
BRDA:278,18,1,2
BRDA:296,19,0,2
BRDA:296,19,1,0
BRDA:297,20,0,2
BRDA:297,20,1,0
BRDA:298,21,0,2
BRDA:298,21,1,0
BRDA:299,22,0,2
BRDA:299,22,1,0
BRDA:300,23,0,2
BRDA:300,23,1,0
BRDA:308,24,0,2
BRDA:308,24,1,0
BRF:48
BRH:30
end_of_record
